<?xml version="1.0" encoding="UTF-8"?>
<!-- Generated by org.testng.reporters.JUnitReportReporter -->
<testsuite skipped="0" hostname="SKAR1201129" name="br.com.RsiHub3.ProjetoHubTDD.execucaoDosTestes.executarClicarProdutoMenu" tests="1" failures="0" timestamp="2020-03-27T18:46:58 BRT" time="7.762" errors="0">
  <testcase name="clicarProdutoMenuInexistente" time="7.762" classname="br.com.RsiHub3.ProjetoHubTDD.execucaoDosTestes.executarClicarProdutoMenu"/>
  <system-out/>
</testsuite> <!-- br.com.RsiHub3.ProjetoHubTDD.execucaoDosTestes.executarClicarProdutoMenu -->
