<?xml version="1.0" encoding="UTF-8"?>
<!-- Generated by org.testng.reporters.JUnitReportReporter -->
<testsuite skipped="0" hostname="SKAR1201129" name="br.com.RsiHub3.ProjetoHubTDD.execucaoDosTestes.executarClicarProdutoMenu" tests="2" failures="0" timestamp="2020-03-26T15:34:33 BRT" time="16.105" errors="0">
  <testcase name="clicarProdutoMenuInexistente" time="7.718" classname="br.com.RsiHub3.ProjetoHubTDD.execucaoDosTestes.executarClicarProdutoMenu"/>
  <system-out/>
  <testcase name="clicarProdutoMenu" time="8.387" classname="br.com.RsiHub3.ProjetoHubTDD.execucaoDosTestes.executarClicarProdutoMenu"/>
  <system-out/>
</testsuite> <!-- br.com.RsiHub3.ProjetoHubTDD.execucaoDosTestes.executarClicarProdutoMenu -->
