<?xml version="1.0" encoding="UTF-8"?>
<!-- Generated by org.testng.reporters.JUnitReportReporter -->
<testsuite skipped="0" hostname="SKAR1201129" name="br.com.RsiHub3.ProjetoHubTDD.execucaoDosTestes.executarConsultaProdutoLupa" tests="2" failures="0" timestamp="2020-03-27T19:11:35 BRT" time="17.907" errors="0">
  <testcase name="consultarProdutoLupa" time="7.761" classname="br.com.RsiHub3.ProjetoHubTDD.execucaoDosTestes.executarConsultaProdutoLupa"/>
  <system-out/>
  <testcase name="consultarProdutoLupaInexistente" time="10.146" classname="br.com.RsiHub3.ProjetoHubTDD.execucaoDosTestes.executarConsultaProdutoLupa"/>
  <system-out/>
</testsuite> <!-- br.com.RsiHub3.ProjetoHubTDD.execucaoDosTestes.executarConsultaProdutoLupa -->
