<?xml version="1.0" encoding="UTF-8"?>
<!-- Generated by org.testng.reporters.JUnitReportReporter -->
<testsuite skipped="0" hostname="SKAR1201129" name="br.com.RsiHub3.ProjetoHubTDD.execucaoDosTestes.executarConsultaProdutoLupa" tests="2" failures="0" timestamp="2020-03-26T15:57:14 BRT" time="16.799" errors="0">
  <testcase name="consultarProdutoLupa" time="9.281" classname="br.com.RsiHub3.ProjetoHubTDD.execucaoDosTestes.executarConsultaProdutoLupa"/>
  <system-out/>
  <testcase name="consultarProdutoLupaInexistente" time="7.518" classname="br.com.RsiHub3.ProjetoHubTDD.execucaoDosTestes.executarConsultaProdutoLupa"/>
  <system-out/>
</testsuite> <!-- br.com.RsiHub3.ProjetoHubTDD.execucaoDosTestes.executarConsultaProdutoLupa -->
