<?xml version="1.0" encoding="UTF-8"?>
<!-- Generated by org.testng.reporters.JUnitReportReporter -->
<testsuite skipped="0" hostname="SKAR1201129" name="testandoTestNG.executarLogarConta" tests="2" failures="0" timestamp="2020-03-25T11:21:55 BRT" time="17.703" errors="0">
  <testcase name="logarComSucesso" time="9.680" classname="testandoTestNG.executarLogarConta"/>
  <system-out/>
  <testcase name="loginIncorreto" time="8.023" classname="testandoTestNG.executarLogarConta"/>
  <system-out/>
</testsuite> <!-- testandoTestNG.executarLogarConta -->
