<?xml version="1.0" encoding="UTF-8"?>
<!-- Generated by org.testng.reporters.JUnitReportReporter -->
<testsuite skipped="0" hostname="SKAR1201129" name="testandoTestNG.executarClicarProdutoMenu" tests="1" failures="0" timestamp="2020-03-25T17:55:30 BRT" time="8.057" errors="0">
  <testcase name="clicarProdutoMenuInexistente" time="8.057" classname="testandoTestNG.executarClicarProdutoMenu"/>
  <system-out/>
</testsuite> <!-- testandoTestNG.executarClicarProdutoMenu -->
