<?xml version="1.0" encoding="UTF-8"?>
<!-- Generated by org.testng.reporters.JUnitReportReporter -->
<testsuite skipped="0" hostname="SKAR1201129" name="br.com.RsiHub3.ProjetoHubTDD.execucaoDosTestes.executarClicarProdutoMenu" tests="2" failures="0" timestamp="2020-03-31T16:30:02 BRT" time="16.078" errors="0">
  <testcase name="clicarProdutoMenuSucesso" time="9.821" classname="br.com.RsiHub3.ProjetoHubTDD.execucaoDosTestes.executarClicarProdutoMenu"/>
  <system-out/>
  <testcase name="clicarProdutoMenuInexistente" time="6.257" classname="br.com.RsiHub3.ProjetoHubTDD.execucaoDosTestes.executarClicarProdutoMenu"/>
  <system-out/>
</testsuite> <!-- br.com.RsiHub3.ProjetoHubTDD.execucaoDosTestes.executarClicarProdutoMenu -->
