<?xml version="1.0" encoding="UTF-8"?>
<!-- Generated by org.testng.reporters.JUnitReportReporter -->
<testsuite skipped="0" hostname="SKAR1201129" name="br.com.RsiHub3.ProjetoHubTDD.execucaoDosTestes.executarLogarConta" tests="2" failures="0" timestamp="2020-03-27T18:43:58 BRT" time="18.107" errors="0">
  <testcase name="loginIncorreto" time="7.918" classname="br.com.RsiHub3.ProjetoHubTDD.execucaoDosTestes.executarLogarConta"/>
  <system-out/>
  <testcase name="logarComSucesso" time="10.189" classname="br.com.RsiHub3.ProjetoHubTDD.execucaoDosTestes.executarLogarConta"/>
  <system-out/>
</testsuite> <!-- br.com.RsiHub3.ProjetoHubTDD.execucaoDosTestes.executarLogarConta -->
