<?xml version="1.0" encoding="UTF-8"?>
<!-- Generated by org.testng.reporters.JUnitReportReporter -->
<testsuite skipped="0" hostname="SKAR1201129" name="br.com.RsiHub3.ProjetoHubTDD.execucaoDosTestes.executarCriarNovoCadastro" tests="2" failures="0" timestamp="2020-03-26T16:01:06 BRT" time="49.149" errors="0">
  <testcase name="cadatroSucesso" time="22.964" classname="br.com.RsiHub3.ProjetoHubTDD.execucaoDosTestes.executarCriarNovoCadastro"/>
  <system-out/>
  <testcase name="cadastroRepetido" time="26.185" classname="br.com.RsiHub3.ProjetoHubTDD.execucaoDosTestes.executarCriarNovoCadastro"/>
  <system-out/>
</testsuite> <!-- br.com.RsiHub3.ProjetoHubTDD.execucaoDosTestes.executarCriarNovoCadastro -->
