<?xml version="1.0" encoding="UTF-8"?>
<!-- Generated by org.testng.reporters.JUnitReportReporter -->
<testsuite skipped="0" hostname="SKAR1201129" name="br.com.RsiHub3.ProjetoHubTDD.execucaoDosTestes.executarConsultaProdutoLupa" tests="2" failures="0" timestamp="2020-03-31T16:28:04 BRT" time="18.064" errors="0">
  <testcase name="consultarProdutoLupaInexistente" time="9.339" classname="br.com.RsiHub3.ProjetoHubTDD.execucaoDosTestes.executarConsultaProdutoLupa"/>
  <system-out/>
  <testcase name="consultarProdutoLupa" time="8.725" classname="br.com.RsiHub3.ProjetoHubTDD.execucaoDosTestes.executarConsultaProdutoLupa"/>
  <system-out/>
</testsuite> <!-- br.com.RsiHub3.ProjetoHubTDD.execucaoDosTestes.executarConsultaProdutoLupa -->
