<?xml version="1.0" encoding="UTF-8"?>
<!-- Generated by org.testng.reporters.JUnitReportReporter -->
<testsuite skipped="0" hostname="SKAR1201129" name="clicarProdutoMenu.executarClicarProdutoMenu" tests="1" failures="0" timestamp="2020-03-25T17:46:58 BRT" time="7.869" errors="0">
  <testcase name="clicarProdutoMenuInexistente" time="7.869" classname="clicarProdutoMenu.executarClicarProdutoMenu"/>
  <system-out/>
</testsuite> <!-- clicarProdutoMenu.executarClicarProdutoMenu -->
