<?xml version="1.0" encoding="UTF-8"?>
<!-- Generated by org.testng.reporters.JUnitReportReporter -->
<testsuite skipped="0" hostname="SKAR1201129" name="br.com.RsiHub3.ProjetoHubTDD.execucaoDosTestes.executarLogarConta" tests="2" failures="0" timestamp="2020-03-28T14:33:32 BRT" time="19.466" errors="0">
  <testcase name="logarComSucesso" time="8.857" classname="br.com.RsiHub3.ProjetoHubTDD.execucaoDosTestes.executarLogarConta"/>
  <system-out/>
  <testcase name="loginIncorreto" time="10.609" classname="br.com.RsiHub3.ProjetoHubTDD.execucaoDosTestes.executarLogarConta"/>
  <system-out/>
</testsuite> <!-- br.com.RsiHub3.ProjetoHubTDD.execucaoDosTestes.executarLogarConta -->
